01:09:16 **** Incremental Build of configuration Debug for project LED_Button_ISR ****
make -j8 all 
arm-none-eabi-gcc -o "LED_Button_ISR.elf" @"objects.list"   -mcpu=cortex-m4 -T"/home/nakul/Desktop/Workspace/RTOS_WORKSPACE/LED_Button_ISR/STM32F446RETX_FLASH.ld" --specs=nosys.specs -Wl,-Map="LED_Button_ISR.map" -Wl,--gc-sections -static --specs=nano.specs -mfpu=fpv4-sp-d16 -mfloat-abi=hard -mthumb -Wl,--start-group -lc -lm -Wl,--end-group
Core/Src/main.o: In function `main':
/home/nakul/Desktop/Workspace/RTOS_WORKSPACE/LED_Button_ISR/Debug/../Core/Src/main.c:116: undefined reference to `xTaskCreate'
/home/nakul/Desktop/Workspace/RTOS_WORKSPACE/LED_Button_ISR/Debug/../Core/Src/main.c:119: undefined reference to `xTaskCreate'
/home/nakul/Desktop/Workspace/RTOS_WORKSPACE/LED_Button_ISR/Debug/../Core/Src/main.c:122: undefined reference to `xTaskCreate'
/home/nakul/Desktop/Workspace/RTOS_WORKSPACE/LED_Button_ISR/Debug/../Core/Src/main.c:126: undefined reference to `vTaskStartScheduler'
Core/Src/main.o: In function `button_task_handler':
/home/nakul/Desktop/Workspace/RTOS_WORKSPACE/LED_Button_ISR/Debug/../Core/Src/main.c:283: undefined reference to `xTaskGenericNotify'
/home/nakul/Desktop/Workspace/RTOS_WORKSPACE/LED_Button_ISR/Debug/../Core/Src/main.c:286: undefined reference to `xTaskGenericNotify'
Core/Src/main.o: In function `led_task_handler':
/home/nakul/Desktop/Workspace/RTOS_WORKSPACE/LED_Button_ISR/Debug/../Core/Src/main.c:296: undefined reference to `xTaskGenericNotifyWait'
Core/Src/main.o: In function `print_task_handler':
/home/nakul/Desktop/Workspace/RTOS_WORKSPACE/LED_Button_ISR/Debug/../Core/Src/main.c:326: undefined reference to `xTaskGenericNotifyWait'
Core/Src/main.o: In function `rtos_delay':
/home/nakul/Desktop/Workspace/RTOS_WORKSPACE/LED_Button_ISR/Debug/../Core/Src/main.c:349: undefined reference to `xTaskGetTickCount'
/home/nakul/Desktop/Workspace/RTOS_WORKSPACE/LED_Button_ISR/Debug/../Core/Src/main.c:352: undefined reference to `xTaskGetTickCount'
collect2: error: ld returned 1 exit status
make: *** [makefile:58: LED_Button_ISR.elf] Error 1
"make -j8 all" terminated with exit code 2. Build might be incomplete.

01:09:16 Build Failed. 11 errors, 0 warnings. (took 642ms)

